# JRE version: OpenJDK Runtime Environment (26.0.1+8) (build 26.0.1+8-34)
# Java VM: OpenJDK 64-Bit Server VM (26.0.1+8-34, mixed mode, sharing, tiered, compressed oops, compressed class ptrs, g1 gc, bsd-aarch64)
Heap:
 garbage-first heap   total reserved 2097152K, committed 17408K, used 11793K [0x0000000780000000, 0x0000000800000000)
  region size 1M, 7 eden (7M), 1 survivor (1M), 3 old (3M), 3 humongous (3M), 3 free (3M)
GC Heap Usage History (20 events):
Event: 30.178 {heap Before GC invocations=7 (full 0):
 garbage-first heap   total reserved 2097152K, committed 17408K, used 11841K [0x0000000780000000, 0x0000000800000000)
  region size 1M, 6 eden (6M), 1 survivor (1M), 3 old (3M), 3 humongous (3M), 4 free (4M)
}
Event: 30.179 {heap After GC invocations=8 (full 0):
 garbage-first heap   total reserved 2097152K, committed 17408K, used 5678K [0x0000000780000000, 0x0000000800000000)
  region size 1M, 0 eden (0M), 1 survivor (1M), 3 old (3M), 3 humongous (3M), 10 free (10M)
}
Event: 60.593 {heap Before GC invocations=8 (full 0):
 garbage-first heap   total reserved 2097152K, committed 17408K, used 13870K [0x0000000780000000, 0x0000000800000000)
  region size 1M, 8 eden (8M), 1 survivor (1M), 3 old (3M), 3 humongous (3M), 2 free (2M)
}
Event: 60.599 {heap After GC invocations=9 (full 0):
 garbage-first heap   total reserved 2097152K, committed 17408K, used 5674K [0x0000000780000000, 0x0000000800000000)
  region size 1M, 0 eden (0M), 1 survivor (1M), 3 old (3M), 3 humongous (3M), 10 free (10M)
}
Event: 93.155 {heap Before GC invocations=9 (full 0):
 garbage-first heap   total reserved 2097152K, committed 17408K, used 13866K [0x0000000780000000, 0x0000000800000000)
  region size 1M, 8 eden (8M), 1 survivor (1M), 3 old (3M), 3 humongous (3M), 2 free (2M)
}
Event: 93.157 {heap After GC invocations=10 (full 0):
 garbage-first heap   total reserved 2097152K, committed 17408K, used 5675K [0x0000000780000000, 0x0000000800000000)
  region size 1M, 0 eden (0M), 1 survivor (1M), 3 old (3M), 3 humongous (3M), 10 free (10M)
}
Event: 132.851 {heap Before GC invocations=10 (full 0):
 garbage-first heap   total reserved 2097152K, committed 17408K, used 14891K [0x0000000780000000, 0x0000000800000000)
  region size 1M, 9 eden (9M), 1 survivor (1M), 3 old (3M), 3 humongous (3M), 1 free (1M)
}
Event: 132.853 {heap After GC invocations=11 (full 0):
 garbage-first heap   total reserved 2097152K, committed 17408K, used 5665K [0x0000000780000000, 0x0000000800000000)
  region size 1M, 0 eden (0M), 1 survivor (1M), 3 old (3M), 3 humongous (3M), 10 free (10M)
}
Event: 172.876 {heap Before GC invocations=11 (full 0):
 garbage-first heap   total reserved 2097152K, committed 17408K, used 14881K [0x0000000780000000, 0x0000000800000000)
  region size 1M, 9 eden (9M), 1 survivor (1M), 3 old (3M), 3 humongous (3M), 1 free (1M)
}
Event: 172.877 {heap After GC invocations=12 (full 0):
 garbage-first heap   total reserved 2097152K, committed 17408K, used 5673K [0x0000000780000000, 0x0000000800000000)
  region size 1M, 0 eden (0M), 1 survivor (1M), 3 old (3M), 3 humongous (3M), 10 free (10M)
}
Event: 212.778 {heap Before GC invocations=12 (full 0):
 garbage-first heap   total reserved 2097152K, committed 17408K, used 14889K [0x0000000780000000, 0x0000000800000000)
  region size 1M, 9 eden (9M), 1 survivor (1M), 3 old (3M), 3 humongous (3M), 1 free (1M)
}
Event: 212.787 {heap After GC invocations=13 (full 0):
 garbage-first heap   total reserved 2097152K, committed 17408K, used 5665K [0x0000000780000000, 0x0000000800000000)
  region size 1M, 0 eden (0M), 1 survivor (1M), 3 old (3M), 3 humongous (3M), 10 free (10M)
}
Event: 253.106 {heap Before GC invocations=13 (full 0):
 garbage-first heap   total reserved 2097152K, committed 17408K, used 14881K [0x0000000780000000, 0x0000000800000000)
  region size 1M, 9 eden (9M), 1 survivor (1M), 3 old (3M), 3 humongous (3M), 1 free (1M)
}
Event: 253.108 {heap After GC invocations=14 (full 0):
 garbage-first heap   total reserved 2097152K, committed 17408K, used 5655K [0x0000000780000000, 0x0000000800000000)
  region size 1M, 0 eden (0M), 1 survivor (1M), 3 old (3M), 3 humongous (3M), 10 free (10M)
}
Event: 292.871 {heap Before GC invocations=14 (full 0):
 garbage-first heap   total reserved 2097152K, committed 17408K, used 14871K [0x0000000780000000, 0x0000000800000000)
  region size 1M, 9 eden (9M), 1 survivor (1M), 3 old (3M), 3 humongous (3M), 1 free (1M)
}
Event: 292.885 {heap After GC invocations=15 (full 0):
 garbage-first heap   total reserved 2097152K, committed 17408K, used 5674K [0x0000000780000000, 0x0000000800000000)
  region size 1M, 0 eden (0M), 1 survivor (1M), 3 old (3M), 3 humongous (3M), 10 free (10M)
}
Event: 332.723 {heap Before GC invocations=15 (full 0):
 garbage-first heap   total reserved 2097152K, committed 17408K, used 14890K [0x0000000780000000, 0x0000000800000000)
  region size 1M, 9 eden (9M), 1 survivor (1M), 3 old (3M), 3 humongous (3M), 1 free (1M)
}
Event: 332.724 {heap After GC invocations=16 (full 0):
 garbage-first heap   total reserved 2097152K, committed 17408K, used 5665K [0x0000000780000000, 0x0000000800000000)
  region size 1M, 0 eden (0M), 1 survivor (1M), 3 old (3M), 3 humongous (3M), 10 free (10M)
}
Event: 372.919 {heap Before GC invocations=16 (full 0):
 garbage-first heap   total reserved 2097152K, committed 17408K, used 14881K [0x0000000780000000, 0x0000000800000000)
  region size 1M, 9 eden (9M), 1 survivor (1M), 3 old (3M), 3 humongous (3M), 1 free (1M)
}
Event: 372.921 {heap After GC invocations=17 (full 0):
 garbage-first heap   total reserved 2097152K, committed 17408K, used 5649K [0x0000000780000000, 0x0000000800000000)
  region size 1M, 0 eden (0M), 1 survivor (1M), 3 old (3M), 3 humongous (3M), 10 free (10M)
}

